<?xml version="1.0" encoding="UTF-8"?>
<testsuite xmlns:xsi="http://www.w3.org/2001/XMLSchema-instance" xsi:noNamespaceSchemaLocation="https://maven.apache.org/surefire/maven-surefire-plugin/xsd/surefire-test-report.xsd" name="com.wu.AppTest" time="0.034" tests="1" errors="0" skipped="0" failures="0">
  <properties>
    <property name="sun.desktop" value="windows"/>
    <property name="awt.toolkit" value="sun.awt.windows.WToolkit"/>
    <property name="file.encoding.pkg" value="sun.io"/>
    <property name="java.specification.version" value="1.8"/>
    <property name="sun.cpu.isalist" value="amd64"/>
    <property name="sun.jnu.encoding" value="GBK"/>
    <property name="java.class.path" value="D:\CRM\mycrm\target\test-classes;D:\CRM\mycrm\target\classes;C:\Maven\apache-maven-3.6.2\maven-repo\org\springframework\boot\spring-boot-starter-tomcat\2.2.2.RELEASE\spring-boot-starter-tomcat-2.2.2.RELEASE.jar;C:\Maven\apache-maven-3.6.2\maven-repo\jakarta\annotation\jakarta.annotation-api\1.3.5\jakarta.annotation-api-1.3.5.jar;C:\Maven\apache-maven-3.6.2\maven-repo\org\apache\tomcat\embed\tomcat-embed-core\9.0.29\tomcat-embed-core-9.0.29.jar;C:\Maven\apache-maven-3.6.2\maven-repo\org\apache\tomcat\embed\tomcat-embed-el\9.0.29\tomcat-embed-el-9.0.29.jar;C:\Maven\apache-maven-3.6.2\maven-repo\org\apache\tomcat\embed\tomcat-embed-websocket\9.0.29\tomcat-embed-websocket-9.0.29.jar;C:\Maven\apache-maven-3.6.2\maven-repo\org\springframework\boot\spring-boot-starter-web\2.2.2.RELEASE\spring-boot-starter-web-2.2.2.RELEASE.jar;C:\Maven\apache-maven-3.6.2\maven-repo\org\springframework\boot\spring-boot-starter\2.2.2.RELEASE\spring-boot-starter-2.2.2.RELEASE.jar;C:\Maven\apache-maven-3.6.2\maven-repo\org\springframework\boot\spring-boot-starter-logging\2.2.2.RELEASE\spring-boot-starter-logging-2.2.2.RELEASE.jar;C:\Maven\apache-maven-3.6.2\maven-repo\ch\qos\logback\logback-classic\1.2.3\logback-classic-1.2.3.jar;C:\Maven\apache-maven-3.6.2\maven-repo\ch\qos\logback\logback-core\1.2.3\logback-core-1.2.3.jar;C:\Maven\apache-maven-3.6.2\maven-repo\org\apache\logging\log4j\log4j-to-slf4j\2.12.1\log4j-to-slf4j-2.12.1.jar;C:\Maven\apache-maven-3.6.2\maven-repo\org\apache\logging\log4j\log4j-api\2.12.1\log4j-api-2.12.1.jar;C:\Maven\apache-maven-3.6.2\maven-repo\org\slf4j\jul-to-slf4j\1.7.29\jul-to-slf4j-1.7.29.jar;C:\Maven\apache-maven-3.6.2\maven-repo\org\yaml\snakeyaml\1.25\snakeyaml-1.25.jar;C:\Maven\apache-maven-3.6.2\maven-repo\org\springframework\boot\spring-boot-starter-json\2.2.2.RELEASE\spring-boot-starter-json-2.2.2.RELEASE.jar;C:\Maven\apache-maven-3.6.2\maven-repo\com\fasterxml\jackson\core\jackson-databind\2.10.1\jackson-databind-2.10.1.jar;C:\Maven\apache-maven-3.6.2\maven-repo\com\fasterxml\jackson\core\jackson-annotations\2.10.1\jackson-annotations-2.10.1.jar;C:\Maven\apache-maven-3.6.2\maven-repo\com\fasterxml\jackson\core\jackson-core\2.10.1\jackson-core-2.10.1.jar;C:\Maven\apache-maven-3.6.2\maven-repo\com\fasterxml\jackson\datatype\jackson-datatype-jdk8\2.10.1\jackson-datatype-jdk8-2.10.1.jar;C:\Maven\apache-maven-3.6.2\maven-repo\com\fasterxml\jackson\datatype\jackson-datatype-jsr310\2.10.1\jackson-datatype-jsr310-2.10.1.jar;C:\Maven\apache-maven-3.6.2\maven-repo\com\fasterxml\jackson\module\jackson-module-parameter-names\2.10.1\jackson-module-parameter-names-2.10.1.jar;C:\Maven\apache-maven-3.6.2\maven-repo\org\springframework\boot\spring-boot-starter-validation\2.2.2.RELEASE\spring-boot-starter-validation-2.2.2.RELEASE.jar;C:\Maven\apache-maven-3.6.2\maven-repo\jakarta\validation\jakarta.validation-api\2.0.1\jakarta.validation-api-2.0.1.jar;C:\Maven\apache-maven-3.6.2\maven-repo\org\hibernate\validator\hibernate-validator\6.0.18.Final\hibernate-validator-6.0.18.Final.jar;C:\Maven\apache-maven-3.6.2\maven-repo\org\jboss\logging\jboss-logging\3.4.1.Final\jboss-logging-3.4.1.Final.jar;C:\Maven\apache-maven-3.6.2\maven-repo\com\fasterxml\classmate\1.5.1\classmate-1.5.1.jar;C:\Maven\apache-maven-3.6.2\maven-repo\org\springframework\spring-web\5.2.2.RELEASE\spring-web-5.2.2.RELEASE.jar;C:\Maven\apache-maven-3.6.2\maven-repo\org\springframework\spring-beans\5.2.2.RELEASE\spring-beans-5.2.2.RELEASE.jar;C:\Maven\apache-maven-3.6.2\maven-repo\org\springframework\spring-webmvc\5.2.2.RELEASE\spring-webmvc-5.2.2.RELEASE.jar;C:\Maven\apache-maven-3.6.2\maven-repo\org\springframework\spring-context\5.2.2.RELEASE\spring-context-5.2.2.RELEASE.jar;C:\Maven\apache-maven-3.6.2\maven-repo\org\springframework\spring-expression\5.2.2.RELEASE\spring-expression-5.2.2.RELEASE.jar;C:\Maven\apache-maven-3.6.2\maven-repo\org\springframework\boot\spring-boot-starter-aop\2.2.2.RELEASE\spring-boot-starter-aop-2.2.2.RELEASE.jar;C:\Maven\apache-maven-3.6.2\maven-repo\org\springframework\spring-aop\5.2.2.RELEASE\spring-aop-5.2.2.RELEASE.jar;C:\Maven\apache-maven-3.6.2\maven-repo\org\aspectj\aspectjweaver\1.9.5\aspectjweaver-1.9.5.jar;C:\Maven\apache-maven-3.6.2\maven-repo\org\springframework\boot\spring-boot-starter-freemarker\2.2.2.RELEASE\spring-boot-starter-freemarker-2.2.2.RELEASE.jar;C:\Maven\apache-maven-3.6.2\maven-repo\org\freemarker\freemarker\2.3.29\freemarker-2.3.29.jar;C:\Maven\apache-maven-3.6.2\maven-repo\org\springframework\spring-context-support\5.2.2.RELEASE\spring-context-support-5.2.2.RELEASE.jar;C:\Maven\apache-maven-3.6.2\maven-repo\org\springframework\boot\spring-boot-starter-test\2.2.2.RELEASE\spring-boot-starter-test-2.2.2.RELEASE.jar;C:\Maven\apache-maven-3.6.2\maven-repo\org\springframework\boot\spring-boot-test\2.2.2.RELEASE\spring-boot-test-2.2.2.RELEASE.jar;C:\Maven\apache-maven-3.6.2\maven-repo\org\springframework\boot\spring-boot-test-autoconfigure\2.2.2.RELEASE\spring-boot-test-autoconfigure-2.2.2.RELEASE.jar;C:\Maven\apache-maven-3.6.2\maven-repo\com\jayway\jsonpath\json-path\2.4.0\json-path-2.4.0.jar;C:\Maven\apache-maven-3.6.2\maven-repo\net\minidev\json-smart\2.3\json-smart-2.3.jar;C:\Maven\apache-maven-3.6.2\maven-repo\net\minidev\accessors-smart\1.2\accessors-smart-1.2.jar;C:\Maven\apache-maven-3.6.2\maven-repo\org\ow2\asm\asm\5.0.4\asm-5.0.4.jar;C:\Maven\apache-maven-3.6.2\maven-repo\org\slf4j\slf4j-api\1.7.29\slf4j-api-1.7.29.jar;C:\Maven\apache-maven-3.6.2\maven-repo\jakarta\xml\bind\jakarta.xml.bind-api\2.3.2\jakarta.xml.bind-api-2.3.2.jar;C:\Maven\apache-maven-3.6.2\maven-repo\jakarta\activation\jakarta.activation-api\1.2.1\jakarta.activation-api-1.2.1.jar;C:\Maven\apache-maven-3.6.2\maven-repo\org\junit\jupiter\junit-jupiter\5.5.2\junit-jupiter-5.5.2.jar;C:\Maven\apache-maven-3.6.2\maven-repo\org\junit\jupiter\junit-jupiter-api\5.5.2\junit-jupiter-api-5.5.2.jar;C:\Maven\apache-maven-3.6.2\maven-repo\org\opentest4j\opentest4j\1.2.0\opentest4j-1.2.0.jar;C:\Maven\apache-maven-3.6.2\maven-repo\org\junit\platform\junit-platform-commons\1.5.2\junit-platform-commons-1.5.2.jar;C:\Maven\apache-maven-3.6.2\maven-repo\org\junit\jupiter\junit-jupiter-params\5.5.2\junit-jupiter-params-5.5.2.jar;C:\Maven\apache-maven-3.6.2\maven-repo\org\junit\jupiter\junit-jupiter-engine\5.5.2\junit-jupiter-engine-5.5.2.jar;C:\Maven\apache-maven-3.6.2\maven-repo\org\junit\vintage\junit-vintage-engine\5.5.2\junit-vintage-engine-5.5.2.jar;C:\Maven\apache-maven-3.6.2\maven-repo\org\apiguardian\apiguardian-api\1.1.0\apiguardian-api-1.1.0.jar;C:\Maven\apache-maven-3.6.2\maven-repo\org\junit\platform\junit-platform-engine\1.5.2\junit-platform-engine-1.5.2.jar;C:\Maven\apache-maven-3.6.2\maven-repo\junit\junit\4.12\junit-4.12.jar;C:\Maven\apache-maven-3.6.2\maven-repo\org\mockito\mockito-junit-jupiter\3.1.0\mockito-junit-jupiter-3.1.0.jar;C:\Maven\apache-maven-3.6.2\maven-repo\org\assertj\assertj-core\3.13.2\assertj-core-3.13.2.jar;C:\Maven\apache-maven-3.6.2\maven-repo\org\hamcrest\hamcrest\2.1\hamcrest-2.1.jar;C:\Maven\apache-maven-3.6.2\maven-repo\org\mockito\mockito-core\3.1.0\mockito-core-3.1.0.jar;C:\Maven\apache-maven-3.6.2\maven-repo\net\bytebuddy\byte-buddy\1.10.4\byte-buddy-1.10.4.jar;C:\Maven\apache-maven-3.6.2\maven-repo\net\bytebuddy\byte-buddy-agent\1.10.4\byte-buddy-agent-1.10.4.jar;C:\Maven\apache-maven-3.6.2\maven-repo\org\objenesis\objenesis\2.6\objenesis-2.6.jar;C:\Maven\apache-maven-3.6.2\maven-repo\org\skyscreamer\jsonassert\1.5.0\jsonassert-1.5.0.jar;C:\Maven\apache-maven-3.6.2\maven-repo\com\vaadin\external\google\android-json\0.0.20131108.vaadin1\android-json-0.0.20131108.vaadin1.jar;C:\Maven\apache-maven-3.6.2\maven-repo\org\springframework\spring-core\5.2.2.RELEASE\spring-core-5.2.2.RELEASE.jar;C:\Maven\apache-maven-3.6.2\maven-repo\org\springframework\spring-jcl\5.2.2.RELEASE\spring-jcl-5.2.2.RELEASE.jar;C:\Maven\apache-maven-3.6.2\maven-repo\org\springframework\spring-test\5.2.2.RELEASE\spring-test-5.2.2.RELEASE.jar;C:\Maven\apache-maven-3.6.2\maven-repo\org\xmlunit\xmlunit-core\2.6.3\xmlunit-core-2.6.3.jar;C:\Maven\apache-maven-3.6.2\maven-repo\org\mybatis\spring\boot\mybatis-spring-boot-starter\2.1.1\mybatis-spring-boot-starter-2.1.1.jar;C:\Maven\apache-maven-3.6.2\maven-repo\org\springframework\boot\spring-boot-starter-jdbc\2.2.2.RELEASE\spring-boot-starter-jdbc-2.2.2.RELEASE.jar;C:\Maven\apache-maven-3.6.2\maven-repo\com\zaxxer\HikariCP\3.4.1\HikariCP-3.4.1.jar;C:\Maven\apache-maven-3.6.2\maven-repo\org\springframework\spring-jdbc\5.2.2.RELEASE\spring-jdbc-5.2.2.RELEASE.jar;C:\Maven\apache-maven-3.6.2\maven-repo\org\springframework\spring-tx\5.2.2.RELEASE\spring-tx-5.2.2.RELEASE.jar;C:\Maven\apache-maven-3.6.2\maven-repo\org\mybatis\spring\boot\mybatis-spring-boot-autoconfigure\2.1.1\mybatis-spring-boot-autoconfigure-2.1.1.jar;C:\Maven\apache-maven-3.6.2\maven-repo\org\mybatis\mybatis\3.5.3\mybatis-3.5.3.jar;C:\Maven\apache-maven-3.6.2\maven-repo\org\mybatis\mybatis-spring\2.0.3\mybatis-spring-2.0.3.jar;C:\Maven\apache-maven-3.6.2\maven-repo\com\github\pagehelper\pagehelper-spring-boot-starter\1.2.13\pagehelper-spring-boot-starter-1.2.13.jar;C:\Maven\apache-maven-3.6.2\maven-repo\com\github\pagehelper\pagehelper-spring-boot-autoconfigure\1.2.13\pagehelper-spring-boot-autoconfigure-1.2.13.jar;C:\Maven\apache-maven-3.6.2\maven-repo\com\github\pagehelper\pagehelper\5.1.11\pagehelper-5.1.11.jar;C:\Maven\apache-maven-3.6.2\maven-repo\com\github\jsqlparser\jsqlparser\2.0\jsqlparser-2.0.jar;C:\Maven\apache-maven-3.6.2\maven-repo\mysql\mysql-connector-java\8.0.18\mysql-connector-java-8.0.18.jar;C:\Maven\apache-maven-3.6.2\maven-repo\com\mchange\c3p0\0.9.5.5\c3p0-0.9.5.5.jar;C:\Maven\apache-maven-3.6.2\maven-repo\com\mchange\mchange-commons-java\0.2.19\mchange-commons-java-0.2.19.jar;C:\Maven\apache-maven-3.6.2\maven-repo\org\apache\commons\commons-lang3\3.5\commons-lang3-3.5.jar;C:\Maven\apache-maven-3.6.2\maven-repo\com\alibaba\fastjson\1.2.47\fastjson-1.2.47.jar;C:\Maven\apache-maven-3.6.2\maven-repo\org\springframework\boot\spring-boot-devtools\2.2.2.RELEASE\spring-boot-devtools-2.2.2.RELEASE.jar;C:\Maven\apache-maven-3.6.2\maven-repo\org\springframework\boot\spring-boot\2.2.2.RELEASE\spring-boot-2.2.2.RELEASE.jar;C:\Maven\apache-maven-3.6.2\maven-repo\org\springframework\boot\spring-boot-autoconfigure\2.2.2.RELEASE\spring-boot-autoconfigure-2.2.2.RELEASE.jar;"/>
    <property name="java.vm.vendor" value="Oracle Corporation"/>
    <property name="sun.arch.data.model" value="64"/>
    <property name="user.variant" value=""/>
    <property name="java.vendor.url" value="http://java.oracle.com/"/>
    <property name="user.timezone" value="GMT+08:00"/>
    <property name="java.vm.specification.version" value="1.8"/>
    <property name="os.name" value="Windows 10"/>
    <property name="user.country" value="CN"/>
    <property name="sun.java.launcher" value="SUN_STANDARD"/>
    <property name="sun.boot.library.path" value="C:\Program Files\Java\jdk1.8.0_201\jre\bin"/>
    <property name="sun.java.command" value="C:\Users\wufeng\AppData\Local\Temp\surefire6281387863011585770\surefirebooter6251868940053974467.jar C:\Users\wufeng\AppData\Local\Temp\surefire6281387863011585770 2024-02-28T16-55-57_734-jvmRun1 surefire4811950264550868223tmp surefire_07737298270141454780tmp"/>
    <property name="surefire.test.class.path" value="D:\CRM\mycrm\target\test-classes;D:\CRM\mycrm\target\classes;C:\Maven\apache-maven-3.6.2\maven-repo\org\springframework\boot\spring-boot-starter-tomcat\2.2.2.RELEASE\spring-boot-starter-tomcat-2.2.2.RELEASE.jar;C:\Maven\apache-maven-3.6.2\maven-repo\jakarta\annotation\jakarta.annotation-api\1.3.5\jakarta.annotation-api-1.3.5.jar;C:\Maven\apache-maven-3.6.2\maven-repo\org\apache\tomcat\embed\tomcat-embed-core\9.0.29\tomcat-embed-core-9.0.29.jar;C:\Maven\apache-maven-3.6.2\maven-repo\org\apache\tomcat\embed\tomcat-embed-el\9.0.29\tomcat-embed-el-9.0.29.jar;C:\Maven\apache-maven-3.6.2\maven-repo\org\apache\tomcat\embed\tomcat-embed-websocket\9.0.29\tomcat-embed-websocket-9.0.29.jar;C:\Maven\apache-maven-3.6.2\maven-repo\org\springframework\boot\spring-boot-starter-web\2.2.2.RELEASE\spring-boot-starter-web-2.2.2.RELEASE.jar;C:\Maven\apache-maven-3.6.2\maven-repo\org\springframework\boot\spring-boot-starter\2.2.2.RELEASE\spring-boot-starter-2.2.2.RELEASE.jar;C:\Maven\apache-maven-3.6.2\maven-repo\org\springframework\boot\spring-boot-starter-logging\2.2.2.RELEASE\spring-boot-starter-logging-2.2.2.RELEASE.jar;C:\Maven\apache-maven-3.6.2\maven-repo\ch\qos\logback\logback-classic\1.2.3\logback-classic-1.2.3.jar;C:\Maven\apache-maven-3.6.2\maven-repo\ch\qos\logback\logback-core\1.2.3\logback-core-1.2.3.jar;C:\Maven\apache-maven-3.6.2\maven-repo\org\apache\logging\log4j\log4j-to-slf4j\2.12.1\log4j-to-slf4j-2.12.1.jar;C:\Maven\apache-maven-3.6.2\maven-repo\org\apache\logging\log4j\log4j-api\2.12.1\log4j-api-2.12.1.jar;C:\Maven\apache-maven-3.6.2\maven-repo\org\slf4j\jul-to-slf4j\1.7.29\jul-to-slf4j-1.7.29.jar;C:\Maven\apache-maven-3.6.2\maven-repo\org\yaml\snakeyaml\1.25\snakeyaml-1.25.jar;C:\Maven\apache-maven-3.6.2\maven-repo\org\springframework\boot\spring-boot-starter-json\2.2.2.RELEASE\spring-boot-starter-json-2.2.2.RELEASE.jar;C:\Maven\apache-maven-3.6.2\maven-repo\com\fasterxml\jackson\core\jackson-databind\2.10.1\jackson-databind-2.10.1.jar;C:\Maven\apache-maven-3.6.2\maven-repo\com\fasterxml\jackson\core\jackson-annotations\2.10.1\jackson-annotations-2.10.1.jar;C:\Maven\apache-maven-3.6.2\maven-repo\com\fasterxml\jackson\core\jackson-core\2.10.1\jackson-core-2.10.1.jar;C:\Maven\apache-maven-3.6.2\maven-repo\com\fasterxml\jackson\datatype\jackson-datatype-jdk8\2.10.1\jackson-datatype-jdk8-2.10.1.jar;C:\Maven\apache-maven-3.6.2\maven-repo\com\fasterxml\jackson\datatype\jackson-datatype-jsr310\2.10.1\jackson-datatype-jsr310-2.10.1.jar;C:\Maven\apache-maven-3.6.2\maven-repo\com\fasterxml\jackson\module\jackson-module-parameter-names\2.10.1\jackson-module-parameter-names-2.10.1.jar;C:\Maven\apache-maven-3.6.2\maven-repo\org\springframework\boot\spring-boot-starter-validation\2.2.2.RELEASE\spring-boot-starter-validation-2.2.2.RELEASE.jar;C:\Maven\apache-maven-3.6.2\maven-repo\jakarta\validation\jakarta.validation-api\2.0.1\jakarta.validation-api-2.0.1.jar;C:\Maven\apache-maven-3.6.2\maven-repo\org\hibernate\validator\hibernate-validator\6.0.18.Final\hibernate-validator-6.0.18.Final.jar;C:\Maven\apache-maven-3.6.2\maven-repo\org\jboss\logging\jboss-logging\3.4.1.Final\jboss-logging-3.4.1.Final.jar;C:\Maven\apache-maven-3.6.2\maven-repo\com\fasterxml\classmate\1.5.1\classmate-1.5.1.jar;C:\Maven\apache-maven-3.6.2\maven-repo\org\springframework\spring-web\5.2.2.RELEASE\spring-web-5.2.2.RELEASE.jar;C:\Maven\apache-maven-3.6.2\maven-repo\org\springframework\spring-beans\5.2.2.RELEASE\spring-beans-5.2.2.RELEASE.jar;C:\Maven\apache-maven-3.6.2\maven-repo\org\springframework\spring-webmvc\5.2.2.RELEASE\spring-webmvc-5.2.2.RELEASE.jar;C:\Maven\apache-maven-3.6.2\maven-repo\org\springframework\spring-context\5.2.2.RELEASE\spring-context-5.2.2.RELEASE.jar;C:\Maven\apache-maven-3.6.2\maven-repo\org\springframework\spring-expression\5.2.2.RELEASE\spring-expression-5.2.2.RELEASE.jar;C:\Maven\apache-maven-3.6.2\maven-repo\org\springframework\boot\spring-boot-starter-aop\2.2.2.RELEASE\spring-boot-starter-aop-2.2.2.RELEASE.jar;C:\Maven\apache-maven-3.6.2\maven-repo\org\springframework\spring-aop\5.2.2.RELEASE\spring-aop-5.2.2.RELEASE.jar;C:\Maven\apache-maven-3.6.2\maven-repo\org\aspectj\aspectjweaver\1.9.5\aspectjweaver-1.9.5.jar;C:\Maven\apache-maven-3.6.2\maven-repo\org\springframework\boot\spring-boot-starter-freemarker\2.2.2.RELEASE\spring-boot-starter-freemarker-2.2.2.RELEASE.jar;C:\Maven\apache-maven-3.6.2\maven-repo\org\freemarker\freemarker\2.3.29\freemarker-2.3.29.jar;C:\Maven\apache-maven-3.6.2\maven-repo\org\springframework\spring-context-support\5.2.2.RELEASE\spring-context-support-5.2.2.RELEASE.jar;C:\Maven\apache-maven-3.6.2\maven-repo\org\springframework\boot\spring-boot-starter-test\2.2.2.RELEASE\spring-boot-starter-test-2.2.2.RELEASE.jar;C:\Maven\apache-maven-3.6.2\maven-repo\org\springframework\boot\spring-boot-test\2.2.2.RELEASE\spring-boot-test-2.2.2.RELEASE.jar;C:\Maven\apache-maven-3.6.2\maven-repo\org\springframework\boot\spring-boot-test-autoconfigure\2.2.2.RELEASE\spring-boot-test-autoconfigure-2.2.2.RELEASE.jar;C:\Maven\apache-maven-3.6.2\maven-repo\com\jayway\jsonpath\json-path\2.4.0\json-path-2.4.0.jar;C:\Maven\apache-maven-3.6.2\maven-repo\net\minidev\json-smart\2.3\json-smart-2.3.jar;C:\Maven\apache-maven-3.6.2\maven-repo\net\minidev\accessors-smart\1.2\accessors-smart-1.2.jar;C:\Maven\apache-maven-3.6.2\maven-repo\org\ow2\asm\asm\5.0.4\asm-5.0.4.jar;C:\Maven\apache-maven-3.6.2\maven-repo\org\slf4j\slf4j-api\1.7.29\slf4j-api-1.7.29.jar;C:\Maven\apache-maven-3.6.2\maven-repo\jakarta\xml\bind\jakarta.xml.bind-api\2.3.2\jakarta.xml.bind-api-2.3.2.jar;C:\Maven\apache-maven-3.6.2\maven-repo\jakarta\activation\jakarta.activation-api\1.2.1\jakarta.activation-api-1.2.1.jar;C:\Maven\apache-maven-3.6.2\maven-repo\org\junit\jupiter\junit-jupiter\5.5.2\junit-jupiter-5.5.2.jar;C:\Maven\apache-maven-3.6.2\maven-repo\org\junit\jupiter\junit-jupiter-api\5.5.2\junit-jupiter-api-5.5.2.jar;C:\Maven\apache-maven-3.6.2\maven-repo\org\opentest4j\opentest4j\1.2.0\opentest4j-1.2.0.jar;C:\Maven\apache-maven-3.6.2\maven-repo\org\junit\platform\junit-platform-commons\1.5.2\junit-platform-commons-1.5.2.jar;C:\Maven\apache-maven-3.6.2\maven-repo\org\junit\jupiter\junit-jupiter-params\5.5.2\junit-jupiter-params-5.5.2.jar;C:\Maven\apache-maven-3.6.2\maven-repo\org\junit\jupiter\junit-jupiter-engine\5.5.2\junit-jupiter-engine-5.5.2.jar;C:\Maven\apache-maven-3.6.2\maven-repo\org\junit\vintage\junit-vintage-engine\5.5.2\junit-vintage-engine-5.5.2.jar;C:\Maven\apache-maven-3.6.2\maven-repo\org\apiguardian\apiguardian-api\1.1.0\apiguardian-api-1.1.0.jar;C:\Maven\apache-maven-3.6.2\maven-repo\org\junit\platform\junit-platform-engine\1.5.2\junit-platform-engine-1.5.2.jar;C:\Maven\apache-maven-3.6.2\maven-repo\junit\junit\4.12\junit-4.12.jar;C:\Maven\apache-maven-3.6.2\maven-repo\org\mockito\mockito-junit-jupiter\3.1.0\mockito-junit-jupiter-3.1.0.jar;C:\Maven\apache-maven-3.6.2\maven-repo\org\assertj\assertj-core\3.13.2\assertj-core-3.13.2.jar;C:\Maven\apache-maven-3.6.2\maven-repo\org\hamcrest\hamcrest\2.1\hamcrest-2.1.jar;C:\Maven\apache-maven-3.6.2\maven-repo\org\mockito\mockito-core\3.1.0\mockito-core-3.1.0.jar;C:\Maven\apache-maven-3.6.2\maven-repo\net\bytebuddy\byte-buddy\1.10.4\byte-buddy-1.10.4.jar;C:\Maven\apache-maven-3.6.2\maven-repo\net\bytebuddy\byte-buddy-agent\1.10.4\byte-buddy-agent-1.10.4.jar;C:\Maven\apache-maven-3.6.2\maven-repo\org\objenesis\objenesis\2.6\objenesis-2.6.jar;C:\Maven\apache-maven-3.6.2\maven-repo\org\skyscreamer\jsonassert\1.5.0\jsonassert-1.5.0.jar;C:\Maven\apache-maven-3.6.2\maven-repo\com\vaadin\external\google\android-json\0.0.20131108.vaadin1\android-json-0.0.20131108.vaadin1.jar;C:\Maven\apache-maven-3.6.2\maven-repo\org\springframework\spring-core\5.2.2.RELEASE\spring-core-5.2.2.RELEASE.jar;C:\Maven\apache-maven-3.6.2\maven-repo\org\springframework\spring-jcl\5.2.2.RELEASE\spring-jcl-5.2.2.RELEASE.jar;C:\Maven\apache-maven-3.6.2\maven-repo\org\springframework\spring-test\5.2.2.RELEASE\spring-test-5.2.2.RELEASE.jar;C:\Maven\apache-maven-3.6.2\maven-repo\org\xmlunit\xmlunit-core\2.6.3\xmlunit-core-2.6.3.jar;C:\Maven\apache-maven-3.6.2\maven-repo\org\mybatis\spring\boot\mybatis-spring-boot-starter\2.1.1\mybatis-spring-boot-starter-2.1.1.jar;C:\Maven\apache-maven-3.6.2\maven-repo\org\springframework\boot\spring-boot-starter-jdbc\2.2.2.RELEASE\spring-boot-starter-jdbc-2.2.2.RELEASE.jar;C:\Maven\apache-maven-3.6.2\maven-repo\com\zaxxer\HikariCP\3.4.1\HikariCP-3.4.1.jar;C:\Maven\apache-maven-3.6.2\maven-repo\org\springframework\spring-jdbc\5.2.2.RELEASE\spring-jdbc-5.2.2.RELEASE.jar;C:\Maven\apache-maven-3.6.2\maven-repo\org\springframework\spring-tx\5.2.2.RELEASE\spring-tx-5.2.2.RELEASE.jar;C:\Maven\apache-maven-3.6.2\maven-repo\org\mybatis\spring\boot\mybatis-spring-boot-autoconfigure\2.1.1\mybatis-spring-boot-autoconfigure-2.1.1.jar;C:\Maven\apache-maven-3.6.2\maven-repo\org\mybatis\mybatis\3.5.3\mybatis-3.5.3.jar;C:\Maven\apache-maven-3.6.2\maven-repo\org\mybatis\mybatis-spring\2.0.3\mybatis-spring-2.0.3.jar;C:\Maven\apache-maven-3.6.2\maven-repo\com\github\pagehelper\pagehelper-spring-boot-starter\1.2.13\pagehelper-spring-boot-starter-1.2.13.jar;C:\Maven\apache-maven-3.6.2\maven-repo\com\github\pagehelper\pagehelper-spring-boot-autoconfigure\1.2.13\pagehelper-spring-boot-autoconfigure-1.2.13.jar;C:\Maven\apache-maven-3.6.2\maven-repo\com\github\pagehelper\pagehelper\5.1.11\pagehelper-5.1.11.jar;C:\Maven\apache-maven-3.6.2\maven-repo\com\github\jsqlparser\jsqlparser\2.0\jsqlparser-2.0.jar;C:\Maven\apache-maven-3.6.2\maven-repo\mysql\mysql-connector-java\8.0.18\mysql-connector-java-8.0.18.jar;C:\Maven\apache-maven-3.6.2\maven-repo\com\mchange\c3p0\0.9.5.5\c3p0-0.9.5.5.jar;C:\Maven\apache-maven-3.6.2\maven-repo\com\mchange\mchange-commons-java\0.2.19\mchange-commons-java-0.2.19.jar;C:\Maven\apache-maven-3.6.2\maven-repo\org\apache\commons\commons-lang3\3.5\commons-lang3-3.5.jar;C:\Maven\apache-maven-3.6.2\maven-repo\com\alibaba\fastjson\1.2.47\fastjson-1.2.47.jar;C:\Maven\apache-maven-3.6.2\maven-repo\org\springframework\boot\spring-boot-devtools\2.2.2.RELEASE\spring-boot-devtools-2.2.2.RELEASE.jar;C:\Maven\apache-maven-3.6.2\maven-repo\org\springframework\boot\spring-boot\2.2.2.RELEASE\spring-boot-2.2.2.RELEASE.jar;C:\Maven\apache-maven-3.6.2\maven-repo\org\springframework\boot\spring-boot-autoconfigure\2.2.2.RELEASE\spring-boot-autoconfigure-2.2.2.RELEASE.jar;"/>
    <property name="sun.cpu.endian" value="little"/>
    <property name="user.home" value="C:\Users\wufeng"/>
    <property name="user.language" value="zh"/>
    <property name="java.specification.vendor" value="Oracle Corporation"/>
    <property name="java.home" value="C:\Program Files\Java\jdk1.8.0_201\jre"/>
    <property name="basedir" value="D:\CRM\mycrm"/>
    <property name="file.separator" value="\"/>
    <property name="line.separator" value="&#10;"/>
    <property name="java.vm.specification.vendor" value="Oracle Corporation"/>
    <property name="java.specification.name" value="Java Platform API Specification"/>
    <property name="java.awt.graphicsenv" value="sun.awt.Win32GraphicsEnvironment"/>
    <property name="surefire.real.class.path" value="C:\Users\wufeng\AppData\Local\Temp\surefire6281387863011585770\surefirebooter6251868940053974467.jar"/>
    <property name="sun.boot.class.path" value="C:\Program Files\Java\jdk1.8.0_201\jre\lib\resources.jar;C:\Program Files\Java\jdk1.8.0_201\jre\lib\rt.jar;C:\Program Files\Java\jdk1.8.0_201\jre\lib\sunrsasign.jar;C:\Program Files\Java\jdk1.8.0_201\jre\lib\jsse.jar;C:\Program Files\Java\jdk1.8.0_201\jre\lib\jce.jar;C:\Program Files\Java\jdk1.8.0_201\jre\lib\charsets.jar;C:\Program Files\Java\jdk1.8.0_201\jre\lib\jfr.jar;C:\Program Files\Java\jdk1.8.0_201\jre\classes"/>
    <property name="user.script" value=""/>
    <property name="sun.management.compiler" value="HotSpot 64-Bit Tiered Compilers"/>
    <property name="java.runtime.version" value="1.8.0_201-b09"/>
    <property name="user.name" value="wufeng"/>
    <property name="path.separator" value=";"/>
    <property name="os.version" value="10.0"/>
    <property name="java.endorsed.dirs" value="C:\Program Files\Java\jdk1.8.0_201\jre\lib\endorsed"/>
    <property name="java.runtime.name" value="Java(TM) SE Runtime Environment"/>
    <property name="file.encoding" value="GBK"/>
    <property name="java.vm.name" value="Java HotSpot(TM) 64-Bit Server VM"/>
    <property name="idea.version2020.1" value="true"/>
    <property name="localRepository" value="C:\Maven\apache-maven-3.6.2\maven-repo"/>
    <property name="java.vendor.url.bug" value="http://bugreport.sun.com/bugreport/"/>
    <property name="java.io.tmpdir" value="C:\Users\wufeng\AppData\Local\Temp\"/>
    <property name="java.version" value="1.8.0_201"/>
    <property name="user.dir" value="D:\CRM\mycrm"/>
    <property name="os.arch" value="amd64"/>
    <property name="java.vm.specification.name" value="Java Virtual Machine Specification"/>
    <property name="java.awt.printerjob" value="sun.awt.windows.WPrinterJob"/>
    <property name="sun.os.patch.level" value=""/>
    <property name="java.library.path" value="C:\Program Files\Java\jdk1.8.0_201\jre\bin;C:\WINDOWS\Sun\Java\bin;C:\WINDOWS\system32;C:\WINDOWS;C:\Program Files (x86)\VMware\VMware Workstation\bin\;C:\Program Files (x86)\Common Files\Oracle\Java\javapath;C:\Program Files\Java\jdk1.8.0_201\bin;C:\WINDOWS\system32;C:\WINDOWS;C:\WINDOWS\System32\Wbem;C:\WINDOWS\System32\WindowsPowerShell\v1.0\;C:\WINDOWS\System32\OpenSSH\;c:\Program Files (x86)\Microsoft SQL Server\100\Tools\Binn\;c:\Program Files\Microsoft SQL Server\100\Tools\Binn\;c:\Program Files\Microsoft SQL Server\100\DTS\Binn\;C:\soft\mysql-8.0.11-winx64\bin;C:\Maven\apache-maven-3.6.2\bin;D:\nodejs\;C:\Program Files (x86)\Microsoft Visual Studio\Common\Tools\WinNT;C:\Program Files (x86)\Microsoft Visual Studio\Common\MSDev98\Bin;C:\Program Files (x86)\Microsoft Visual Studio\Common\Tools;C:\Program Files (x86)\Microsoft Visual Studio\VC98\bin;C:\Users\wufeng\AppData\Local\Microsoft\WindowsApps;C:\soft\mysql-8.0.11-winx64\bin;C:\Users\wufeng\AppData\Roaming\npm;."/>
    <property name="java.vm.info" value="mixed mode"/>
    <property name="java.vendor" value="Oracle Corporation"/>
    <property name="java.vm.version" value="25.201-b09"/>
    <property name="java.ext.dirs" value="C:\Program Files\Java\jdk1.8.0_201\jre\lib\ext;C:\WINDOWS\Sun\Java\lib\ext"/>
    <property name="sun.io.unicode.encoding" value="UnicodeLittle"/>
    <property name="java.class.version" value="52.0"/>
  </properties>
  <testcase name="shouldAnswerWithTrue" classname="com.wu.AppTest" time="0.002"/>
</testsuite>